2020-08-02 11:52:40,113 INFO  ||  translations         : ==================== <function annotate_downstream_side_inputs at 0x0ED510C0> ====================
2020-08-02 11:52:40,121 INFO  ||  translations         : ==================== <function fix_side_input_pcoll_coders at 0x0ED51150> ====================
2020-08-02 11:52:40,125 INFO  ||  translations         : ==================== <function lift_combiners at 0x0ED51198> ====================
2020-08-02 11:52:40,130 INFO  ||  translations         : ==================== <function expand_sdf at 0x0ED511E0> ====================
2020-08-02 11:52:40,133 INFO  ||  translations         : ==================== <function expand_gbk at 0x0ED51228> ====================
2020-08-02 11:52:40,138 INFO  ||  translations         : ==================== <function sink_flattens at 0x0ED512B8> ====================
2020-08-02 11:52:40,144 INFO  ||  translations         : ==================== <function greedily_fuse at 0x0ED51300> ====================
2020-08-02 11:52:40,160 INFO  ||  translations         : ==================== <function read_to_impulse at 0x0ED51348> ====================
2020-08-02 11:52:40,161 INFO  ||  translations         : ==================== <function impulse_to_input at 0x0ED51390> ====================
2020-08-02 11:52:40,163 INFO  ||  translations         : ==================== <function sort_stages at 0x0ED514B0> ====================
2020-08-02 11:52:40,164 INFO  ||  translations         : ==================== <function setup_timer_mapping at 0x0ED51468> ====================
2020-08-02 11:52:40,167 INFO  ||  translations         : ==================== <function populate_data_channel_coders at 0x0ED514F8> ====================
2020-08-02 11:52:40,188 INFO  ||  statecache           : Creating state cache with size 100
2020-08-02 11:52:40,192 INFO  ||  worker_handlers      : Created Worker handler <apache_beam.runners.portability.fn_api_runner.worker_handlers.EmbeddedWorkerHandler object at 0x0EDCB390> for environment urn: "beam:env:embedded_python:v1"

2020-08-02 11:52:40,194 INFO  ||  fn_runner            : Running (((((ref_AppliedPTransform_WriteToText/Write/WriteImpl/DoOnce/Impulse_22)+(ref_AppliedPTransform_WriteToText/Write/WriteImpl/DoOnce/FlatMap(<lambda at core.py:2713>)_23))+(ref_AppliedPTransform_WriteToText/Write/WriteImpl/DoOnce/Map(decode)_25))+(ref_AppliedPTransform_WriteToText/Write/WriteImpl/InitializeWrite_26))+(ref_PCollection_PCollection_14/Write))+(ref_PCollection_PCollection_15/Write)
2020-08-02 11:52:40,400 INFO  ||  fn_runner            : Running (((((((ref_AppliedPTransform_Create/Impulse_3)+(ref_AppliedPTransform_Create/FlatMap(<lambda at core.py:2713>)_4))+(ref_AppliedPTransform_Create/Map(decode)_6))+(ref_AppliedPTransform_ReadmeContent_7))+(ref_AppliedPTransform_split_8))+(ref_AppliedPTransform_PairWithOne_9))+(GroupAndSum/Precombine))+(GroupAndSum/Group/Write)
2020-08-02 11:52:41,332 ERROR  ||  git_handler          : the repo kerenle2\blabla has nor readme file
2020-08-02 11:52:41,365 INFO  ||  fn_runner            : Running (((((((GroupAndSum/Group/Read)+(GroupAndSum/Merge))+(GroupAndSum/ExtractOutputs))+(ref_AppliedPTransform_Format_17))+(ref_AppliedPTransform_WriteToText/Write/WriteImpl/WindowInto(WindowIntoFn)_27))+(ref_AppliedPTransform_WriteToText/Write/WriteImpl/WriteBundles_28))+(ref_AppliedPTransform_WriteToText/Write/WriteImpl/Pair_29))+(WriteToText/Write/WriteImpl/GroupByKey/Write)
2020-08-02 11:52:41,640 INFO  ||  fn_runner            : Running ((WriteToText/Write/WriteImpl/GroupByKey/Read)+(ref_AppliedPTransform_WriteToText/Write/WriteImpl/Extract_34))+(ref_PCollection_PCollection_22/Write)
2020-08-02 11:52:41,714 INFO  ||  fn_runner            : Running ((ref_PCollection_PCollection_14/Read)+(ref_AppliedPTransform_WriteToText/Write/WriteImpl/PreFinalize_35))+(ref_PCollection_PCollection_23/Write)
2020-08-02 11:52:41,818 INFO  ||  fn_runner            : Running (ref_PCollection_PCollection_14/Read)+(ref_AppliedPTransform_WriteToText/Write/WriteImpl/FinalizeWrite_36)
2020-08-02 11:52:41,909 INFO  ||  filebasedsink        : Starting finalize_write threads with num_shards: 1 (skipped: 0), batches: 1, num_threads: 1
2020-08-02 11:52:42,024 INFO  ||  filebasedsink        : Renamed 1 shards in 0.11 seconds.
